<?xml version="1.0" encoding="UTF-8"?>
<!-- Generated by org.testng.reporters.JUnitReportReporter -->
<testsuite hostname="Uday" failures="0" tests="1" name="RestAssured.Get2" time="2.063" errors="0" timestamp="2024-12-12T11:11:44 IST" skipped="0">
  <testcase classname="RestAssured.Get2" name="test" time="2.063"/>
</testsuite> <!-- RestAssured.Get2 -->
