<?xml version="1.0" encoding="UTF-8"?>
<!-- Generated by org.testng.reporters.JUnitReportReporter -->
<testsuite hostname="Uday" failures="0" tests="1" name="RestAssured.Post" time="1.879" errors="0" timestamp="2024-12-06T12:18:36 IST" skipped="0">
  <testcase classname="RestAssured.Post" name="post" time="1.879"/>
</testsuite> <!-- RestAssured.Post -->
