<?xml version="1.0" encoding="UTF-8"?>
<!-- Generated by org.testng.reporters.JUnitReportReporter -->
<testsuite hostname="Uday" failures="0" tests="1" name="RestAssured.GetAndPost" time="1.545" errors="0" timestamp="2024-12-03T16:22:45 IST" skipped="0">
  <testcase classname="RestAssured.GetAndPost" name="api" time="1.545"/>
</testsuite> <!-- RestAssured.GetAndPost -->
