<?xml version="1.0" encoding="UTF-8"?>
<!-- Generated by org.testng.reporters.JUnitReportReporter -->
<testsuite hostname="Uday" failures="0" tests="1" name="RestAssured.Post2" time="2.216" errors="0" timestamp="2024-12-12T11:17:29 IST" skipped="0">
  <testcase classname="RestAssured.Post2" name="testing" time="2.216"/>
</testsuite> <!-- RestAssured.Post2 -->
