<?xml version="1.0" encoding="UTF-8"?>
<!-- Generated by org.testng.reporters.JUnitReportReporter -->
<testsuite hostname="Uday" failures="0" tests="2" name="RestAssured.PutPatchDelete2" time="3.059" errors="0" timestamp="2024-12-12T11:24:52 IST" skipped="0">
  <testcase classname="RestAssured.PutPatchDelete2" name="patch" time="2.474"/>
  <testcase classname="RestAssured.PutPatchDelete2" name="delete" time="0.585"/>
</testsuite> <!-- RestAssured.PutPatchDelete2 -->
