<?xml version="1.0" encoding="UTF-8"?>
<!-- Generated by org.testng.reporters.JUnitReportReporter -->
<testsuite hostname="Uday" failures="0" tests="1" name="RestAssured.Get" time="2.023" errors="0" timestamp="2024-12-06T12:13:03 IST" skipped="0">
  <testcase classname="RestAssured.Get" name="rest" time="2.023"/>
</testsuite> <!-- RestAssured.Get -->
