<?xml version="1.0" encoding="UTF-8"?>
<!-- Generated by org.testng.reporters.JUnitReportReporter -->
<testsuite hostname="Uday" failures="0" tests="1" name="RestAssured.PutPatchDelete" time="2.245" errors="0" timestamp="2024-12-06T13:09:10 IST" skipped="0">
  <testcase classname="RestAssured.PutPatchDelete" name="delete" time="2.245"/>
</testsuite> <!-- RestAssured.PutPatchDelete -->
